-------------------------------------------------------------------------------
Test set: com.parkit.parkingsystem.dao.ParkingSpotDAOTest
-------------------------------------------------------------------------------
Tests run: 2, Failures: 1, Errors: 0, Skipped: 0, Time elapsed: 0.042 s <<< FAILURE! - in com.parkit.parkingsystem.dao.ParkingSpotDAOTest
getNextAvailableSlot  Time elapsed: 0.016 s  <<< FAILURE!
org.opentest4j.AssertionFailedError: expected: <1> but was: <2>
	at com.parkit.parkingsystem.dao.ParkingSpotDAOTest.getNextAvailableSlot(ParkingSpotDAOTest.java:36)

